<?xml version="1.0" encoding="UTF-8"?>
<!-- Generated by org.testng.reporters.JUnitReportReporter -->
<testsuite hostname="LIN-5CG3251P1C" failures="0" tests="1" name="com.testNG.ExcelReaderTest1" time="0.447" errors="0" timestamp="2024-05-21T17:01:52 IST" skipped="0">
  <testcase classname="com.testNG.ExcelReaderTest1" name="addData" time="0.447"/>
</testsuite> <!-- com.testNG.ExcelReaderTest1 -->
