<?xml version="1.0" encoding="UTF-8"?>
<!-- Generated by org.testng.reporters.JUnitReportReporter -->
<testsuite hostname="LIN-5CG3251P1C" failures="0" tests="4" name="com.testNG.ExcelReaderTest2" time="3.470" errors="0" timestamp="2024-05-22T09:12:10 IST" skipped="0">
  <testcase classname="com.testNG.ExcelReaderTest2" name="addData" time="0.407"/>
  <testcase classname="com.testNG.ExcelReaderTest2" name="addData" time="0.484"/>
  <testcase classname="com.testNG.ExcelReaderTest2" name="addData" time="2.075"/>
  <testcase classname="com.testNG.ExcelReaderTest2" name="addData" time="0.504"/>
</testsuite> <!-- com.testNG.ExcelReaderTest2 -->
