<?xml version="1.0" encoding="UTF-8"?>
<!-- Generated by org.testng.reporters.JUnitReportReporter -->
<testsuite hostname="LIN-5CG3251P1C" failures="0" tests="1" name="com.restAssured.RestAssuredDemo.TestnGTest2" time="0.006" errors="0" timestamp="2024-05-15T21:33:38 IST" skipped="0">
  <testcase classname="com.restAssured.RestAssuredDemo.TestnGTest2" name="test" time="0.006"/>
</testsuite> <!-- com.restAssured.RestAssuredDemo.TestnGTest2 -->
