<?xml version="1.0" encoding="UTF-8"?>
<!-- Generated by org.testng.reporters.JUnitReportReporter -->
<testsuite hostname="LIN-5CG3251P1C" failures="0" tests="1" name="obj.Repo.ObjectRepoTest" time="1.930" errors="0" timestamp="2024-05-17T16:21:44 IST" skipped="0">
  <testcase classname="obj.Repo.ObjectRepoTest" name="addData" time="1.930"/>
</testsuite> <!-- obj.Repo.ObjectRepoTest -->
