<?xml version="1.0" encoding="UTF-8"?>
<!-- Generated by org.testng.reporters.JUnitReportReporter -->
<testsuite hostname="LIN-5CG3251P1C" failures="0" tests="3" name="TestRunner.TestRunner" time="3.715" errors="0" timestamp="2024-05-27T16:21:54 IST" skipped="0">
  <testcase classname="TestRunner.TestRunner" name="runScenario" time="0.441"/>
  <testcase classname="TestRunner.TestRunner" name="runScenario" time="2.769"/>
  <testcase classname="TestRunner.TestRunner" name="runScenario" time="0.505"/>
</testsuite> <!-- TestRunner.TestRunner -->
