<?xml version="1.0" encoding="UTF-8"?>
<!-- Generated by org.testng.reporters.JUnitReportReporter -->
<testsuite hostname="LIN-5CG3251P1C" failures="0" tests="3" name="com.testNG.DataProviderTest" time="3.141" errors="0" timestamp="2024-05-24T11:23:50 IST" skipped="0">
  <testcase classname="com.testNG.DataProviderTest" name="addData" time="0.403"/>
  <testcase classname="com.testNG.DataProviderTest" name="addData" time="0.428"/>
  <testcase classname="com.testNG.DataProviderTest" name="addData" time="2.310"/>
</testsuite> <!-- com.testNG.DataProviderTest -->
