<?xml version="1.0" encoding="UTF-8"?>
<!-- Generated by org.testng.reporters.JUnitReportReporter -->
<testsuite hostname="LIN-5CG3251P1C" failures="0" tests="2" name="com.restAssured.RestAssuredDemo.TestNGTest1" time="0.011" errors="0" timestamp="2024-05-15T21:28:27 IST" skipped="0">
  <testcase classname="com.restAssured.RestAssuredDemo.TestNGTest1" name="show" time="0.001"/>
  <testcase classname="com.restAssured.RestAssuredDemo.TestNGTest1" name="display" time="0.010"/>
</testsuite> <!-- com.restAssured.RestAssuredDemo.TestNGTest1 -->
