<?xml version="1.0" encoding="UTF-8"?>
<!-- Generated by org.testng.reporters.JUnitReportReporter -->
<testsuite hostname="LIN-5CG3251P1C" failures="0" tests="4" name="com.testNG.TestParameters1" time="2.840" errors="0" timestamp="2024-05-17T14:56:45 IST" skipped="0">
  <testcase classname="com.testNG.TestParameters1" name="getData" time="1.824"/>
  <testcase classname="com.testNG.TestParameters1" name="getData" time="0.195"/>
  <testcase classname="com.testNG.TestParameters1" name="addData" time="0.396"/>
  <testcase classname="com.testNG.TestParameters1" name="addData" time="0.425"/>
</testsuite> <!-- com.testNG.TestParameters1 -->
