<?xml version="1.0" encoding="UTF-8"?>
<!-- Generated by org.testng.reporters.JUnitReportReporter -->
<testsuite hostname="LIN-5CG3251P1C" failures="0" tests="4" name="com.testNG.GetUserListTest1" time="3.908" errors="0" timestamp="2024-05-17T12:30:07 IST" skipped="0">
  <testcase classname="com.testNG.GetUserListTest1" name="getData" time="2.574"/>
  <testcase classname="com.testNG.GetUserListTest1" name="addData" time="0.437"/>
  <testcase classname="com.testNG.GetUserListTest1" name="addData" time="0.464"/>
  <testcase classname="com.testNG.GetUserListTest1" name="addData" time="0.433"/>
</testsuite> <!-- com.testNG.GetUserListTest1 -->
