<?xml version="1.0" encoding="UTF-8"?>
<!-- Generated by org.testng.reporters.JUnitReportReporter -->
<testsuite hostname="LIN-5CG3251P1C" failures="0" tests="6" name="com.restAssured.RestAssuredDemo.GetUserListTest1" time="4.677" errors="0" timestamp="2024-05-17T14:35:35 IST" skipped="0">
  <testcase classname="com.restAssured.RestAssuredDemo.GetUserListTest1" name="getData" time="0.190"/>
  <testcase classname="com.restAssured.RestAssuredDemo.GetUserListTest1" name="getData" time="0.170"/>
  <testcase classname="com.restAssured.RestAssuredDemo.GetUserListTest1" name="getData" time="2.864"/>
  <testcase classname="com.restAssured.RestAssuredDemo.GetUserListTest1" name="addData" time="0.513"/>
  <testcase classname="com.restAssured.RestAssuredDemo.GetUserListTest1" name="addData" time="0.514"/>
  <testcase classname="com.restAssured.RestAssuredDemo.GetUserListTest1" name="addData" time="0.426"/>
</testsuite> <!-- com.restAssured.RestAssuredDemo.GetUserListTest1 -->
